#
# A fatal error has been detected by the Java Runtime Environment:
#
#  Internal Error (classFileParser.cpp:3494), pid=15202, tid=140261577684736
#  Error: ShouldNotReachHere()
#
# JRE version: 6.0_45-b06
# Java VM: Java HotSpot(TM) 64-Bit Server VM (20.45-b01 mixed mode linux-amd64 compressed oops)
# If you would like to submit a bug report, please visit:
#   http://java.sun.com/webapps/bugreport/crash.jsp
#

---------------  T H R E A D  ---------------

Current thread (0x00007f912c006800):  JavaThread "Unknown thread" [_thread_in_vm, id=15208, stack(0x00007f9131737000,0x00007f9131838000)]

Stack: [0x00007f9131737000,0x00007f9131838000],  sp=0x00007f9131836180,  free space=1020k
Native frames: (J=compiled Java code, j=interpreted, Vv=VM code, C=native code)
V  [libjvm.so+0x861e05]  VMError::report_and_die()+0x265
V  [libjvm.so+0x3e5ed6]  report_should_not_reach_here(char const*, int)+0x46
V  [libjvm.so+0x36f26b]  ClassFileParser::parseClassFile(symbolHandle, Handle, Handle, KlassHandle, GrowableArray<Handle>*, symbolHandle&, bool, Thread*)+0x2b8b
V  [libjvm.so+0x3756ff]  ClassLoader::load_classfile(symbolHandle, Thread*)+0x22f
V  [libjvm.so+0x7eebff]  SystemDictionary::load_instance_class(symbolHandle, Handle, Thread*)+0xef
V  [libjvm.so+0x7ecbe5]  SystemDictionary::resolve_instance_class_or_null(symbolHandle, Handle, Handle, Thread*)+0x575
V  [libjvm.so+0x7eb971]  SystemDictionary::resolve_or_null(symbolHandle, Handle, Handle, Thread*)+0x81
V  [libjvm.so+0x7eb584]  SystemDictionary::resolve_or_fail(symbolHandle, Handle, Handle, bool, Thread*)+0x34
V  [libjvm.so+0x7f0400]  SystemDictionary::initialize_wk_klass(SystemDictionary::WKID, int, Thread*)+0x70
V  [libjvm.so+0x7f0495]  SystemDictionary::initialize_wk_klasses_until(SystemDictionary::WKID, SystemDictionary::WKID&, Thread*)+0x45
V  [libjvm.so+0x7f0575]  SystemDictionary::initialize_preloaded_classes(Thread*)+0x75
V  [libjvm.so+0x7f0328]  SystemDictionary::initialize(Thread*)+0xd8
V  [libjvm.so+0x837cf8]  Universe::genesis(Thread*)+0x598
V  [libjvm.so+0x839c29]  universe2_init()+0x29
V  [libjvm.so+0x4ae42c]  init_globals()+0x8c
V  [libjvm.so+0x820014]  Threads::create_vm(JavaVMInitArgs*, bool*)+0x214
V  [libjvm.so+0x51c800]  JNI_CreateJavaVM+0x80


---------------  P R O C E S S  ---------------

Java Threads: ( => current thread )

Other Threads:

=>0x00007f912c006800 (exited) JavaThread "Unknown thread" [_thread_in_vm, id=15208, stack(0x00007f9131737000,0x00007f9131838000)]

VM state:not at safepoint (not fully initialized)

VM Mutex/Monitor currently owned by a thread: None

Dynamic libraries:
40000000-40009000 r-xp 00000000 fd:00 1315808                            /usr/java/jdk1.6.0_45/bin/java
40108000-4010a000 rwxp 00008000 fd:00 1315808                            /usr/java/jdk1.6.0_45/bin/java
41d94000-41db5000 rwxp 00000000 00:00 0                                  [heap]
a0c00000-a20c0000 rwxp 00000000 00:00 0 
a20c0000-a5e00000 rwxp 00000000 00:00 0 
a5e00000-a9a20000 rwxp 00000000 00:00 0 
a9a20000-e1f60000 rwxp 00000000 00:00 0 
e1f60000-e3d60000 rwxp 00000000 00:00 0 
e3d60000-100000000 rwxp 00000000 00:00 0 
3f4dc00000-3f4dc21000 r-xp 00000000 fd:00 1179797                        /usr/lib64/ld-2.17.so
3f4de20000-3f4de21000 r-xp 00020000 fd:00 1179797                        /usr/lib64/ld-2.17.so
3f4de21000-3f4de22000 rwxp 00021000 fd:00 1179797                        /usr/lib64/ld-2.17.so
3f4de22000-3f4de23000 rwxp 00000000 00:00 0 
3f4e000000-3f4e1b6000 r-xp 00000000 fd:00 1179816                        /usr/lib64/libc-2.17.so
3f4e1b6000-3f4e3b6000 ---p 001b6000 fd:00 1179816                        /usr/lib64/libc-2.17.so
3f4e3b6000-3f4e3ba000 r-xp 001b6000 fd:00 1179816                        /usr/lib64/libc-2.17.so
3f4e3ba000-3f4e3bc000 rwxp 001ba000 fd:00 1179816                        /usr/lib64/libc-2.17.so
3f4e3bc000-3f4e3c1000 rwxp 00000000 00:00 0 
3f4e400000-3f4e416000 r-xp 00000000 fd:00 1179995                        /usr/lib64/libpthread-2.17.so
3f4e416000-3f4e616000 ---p 00016000 fd:00 1179995                        /usr/lib64/libpthread-2.17.so
3f4e616000-3f4e617000 r-xp 00016000 fd:00 1179995                        /usr/lib64/libpthread-2.17.so
3f4e617000-3f4e618000 rwxp 00017000 fd:00 1179995                        /usr/lib64/libpthread-2.17.so
3f4e618000-3f4e61c000 rwxp 00000000 00:00 0 
3f4e800000-3f4e803000 r-xp 00000000 fd:00 1187582                        /usr/lib64/libdl-2.17.so
3f4e803000-3f4ea02000 ---p 00003000 fd:00 1187582                        /usr/lib64/libdl-2.17.so
3f4ea02000-3f4ea03000 r-xp 00002000 fd:00 1187582                        /usr/lib64/libdl-2.17.so
3f4ea03000-3f4ea04000 rwxp 00003000 fd:00 1187582                        /usr/lib64/libdl-2.17.so
3f4f000000-3f4f101000 r-xp 00000000 fd:00 1180182                        /usr/lib64/libm-2.17.so
3f4f101000-3f4f300000 ---p 00101000 fd:00 1180182                        /usr/lib64/libm-2.17.so
3f4f300000-3f4f301000 r-xp 00100000 fd:00 1180182                        /usr/lib64/libm-2.17.so
3f4f301000-3f4f302000 rwxp 00101000 fd:00 1180182                        /usr/lib64/libm-2.17.so
3f4f400000-3f4f407000 r-xp 00000000 fd:00 1195556                        /usr/lib64/librt-2.17.so
3f4f407000-3f4f606000 ---p 00007000 fd:00 1195556                        /usr/lib64/librt-2.17.so
3f4f606000-3f4f607000 r-xp 00006000 fd:00 1195556                        /usr/lib64/librt-2.17.so
3f4f607000-3f4f608000 rwxp 00007000 fd:00 1195556                        /usr/lib64/librt-2.17.so
3f6a000000-3f6a016000 r-xp 00000000 fd:00 1195721                        /usr/lib64/libnsl-2.17.so
3f6a016000-3f6a215000 ---p 00016000 fd:00 1195721                        /usr/lib64/libnsl-2.17.so
3f6a215000-3f6a216000 r-xp 00015000 fd:00 1195721                        /usr/lib64/libnsl-2.17.so
3f6a216000-3f6a217000 rwxp 00016000 fd:00 1195721                        /usr/lib64/libnsl-2.17.so
3f6a217000-3f6a219000 rwxp 00000000 00:00 0 
7f9114000000-7f9114021000 rwxp 00000000 00:00 0 
7f9114021000-7f9118000000 ---p 00000000 00:00 0 
7f911c000000-7f911c021000 rwxp 00000000 00:00 0 
7f911c021000-7f9120000000 ---p 00000000 00:00 0 
7f9120000000-7f9120021000 rwxp 00000000 00:00 0 
7f9120021000-7f9124000000 ---p 00000000 00:00 0 
7f9124000000-7f9124021000 rwxp 00000000 00:00 0 
7f9124021000-7f9128000000 ---p 00000000 00:00 0 
7f9129000000-7f9129270000 rwxp 00000000 00:00 0 
7f9129270000-7f912c08c000 rwxp 00000000 00:00 0 
7f912c08c000-7f9130000000 ---p 00000000 00:00 0 
7f91306ef000-7f91307c6000 r-xs 013fe000 fd:02 1312846                    /home/leminhman/ZET/Utilities/adt-bundle-linux-x86_64-20140321/sdk/platforms/android-19/android.jar
7f91307c6000-7f91307ee000 rwxp 00000000 00:00 0 
7f91307ee000-7f91307ef000 ---p 00000000 00:00 0 
7f91307ef000-7f91308ef000 rwxp 00000000 00:00 0                          [stack:15212]
7f91308ef000-7f91308f0000 ---p 00000000 00:00 0 
7f91308f0000-7f91309f0000 rwxp 00000000 00:00 0                          [stack:15211]
7f91309f0000-7f91309f1000 ---p 00000000 00:00 0 
7f91309f1000-7f9130af1000 rwxp 00000000 00:00 0                          [stack:15210]
7f9130af1000-7f9130af2000 ---p 00000000 00:00 0 
7f9130af2000-7f9130bfd000 rwxp 00000000 00:00 0                          [stack:15209]
7f9130bfd000-7f9130c1b000 rwxp 00000000 00:00 0 
7f9130c1b000-7f9130c3a000 rwxp 00000000 00:00 0 
7f9130c3a000-7f9130dfc000 rwxp 00000000 00:00 0 
7f9130dfc000-7f9130e07000 rwxp 00000000 00:00 0 
7f9130e07000-7f9130e25000 rwxp 00000000 00:00 0 
7f9130e25000-7f9130e44000 rwxp 00000000 00:00 0 
7f9130e44000-7f9131005000 rwxp 00000000 00:00 0 
7f9131005000-7f9131015000 rwxp 00000000 00:00 0 
7f9131015000-7f91310f6000 rwxp 00000000 00:00 0 
7f91310f6000-7f9131101000 rwxp 00000000 00:00 0 
7f9131101000-7f91311b7000 rwxp 00000000 00:00 0 
7f91311b7000-7f91311c5000 r-xp 00000000 fd:00 1315921                    /usr/java/jdk1.6.0_45/jre/lib/amd64/libzip.so
7f91311c5000-7f91312c7000 ---p 0000e000 fd:00 1315921                    /usr/java/jdk1.6.0_45/jre/lib/amd64/libzip.so
7f91312c7000-7f91312ca000 rwxp 00010000 fd:00 1315921                    /usr/java/jdk1.6.0_45/jre/lib/amd64/libzip.so
7f91312ca000-7f91312cb000 rwxp 00000000 00:00 0 
7f91312cb000-7f91312d7000 r-xp 00000000 fd:00 1190836                    /usr/lib64/libnss_files-2.17.so
7f91312d7000-7f91314d6000 ---p 0000c000 fd:00 1190836                    /usr/lib64/libnss_files-2.17.so
7f91314d6000-7f91314d7000 r-xp 0000b000 fd:00 1190836                    /usr/lib64/libnss_files-2.17.so
7f91314d7000-7f91314d8000 rwxp 0000c000 fd:00 1190836                    /usr/lib64/libnss_files-2.17.so
7f91314f9000-7f9131522000 r-xp 00000000 fd:00 1315899                    /usr/java/jdk1.6.0_45/jre/lib/amd64/libjava.so
7f9131522000-7f9131621000 ---p 00029000 fd:00 1315899                    /usr/java/jdk1.6.0_45/jre/lib/amd64/libjava.so
7f9131621000-7f9131628000 rwxp 00028000 fd:00 1315899                    /usr/java/jdk1.6.0_45/jre/lib/amd64/libjava.so
7f9131628000-7f9131635000 r-xp 00000000 fd:00 1315920                    /usr/java/jdk1.6.0_45/jre/lib/amd64/libverify.so
7f9131635000-7f9131734000 ---p 0000d000 fd:00 1315920                    /usr/java/jdk1.6.0_45/jre/lib/amd64/libverify.so
7f9131734000-7f9131737000 rwxp 0000c000 fd:00 1315920                    /usr/java/jdk1.6.0_45/jre/lib/amd64/libverify.so
7f9131737000-7f913173a000 ---p 00000000 00:00 0 
7f913173a000-7f9131838000 rwxp 00000000 00:00 0                          [stack:15208]
7f9131838000-7f9132156000 r-xp 00000000 fd:00 1315929                    /usr/java/jdk1.6.0_45/jre/lib/amd64/server/libjvm.so
7f9132156000-7f9132258000 ---p 0091e000 fd:00 1315929                    /usr/java/jdk1.6.0_45/jre/lib/amd64/server/libjvm.so
7f9132258000-7f913240e000 rwxp 00920000 fd:00 1315929                    /usr/java/jdk1.6.0_45/jre/lib/amd64/server/libjvm.so
7f913240e000-7f913244b000 rwxp 00000000 00:00 0 
7f913244b000-7f9132452000 r-xp 00000000 fd:00 1315882                    /usr/java/jdk1.6.0_45/jre/lib/amd64/jli/libjli.so
7f9132452000-7f9132553000 ---p 00007000 fd:00 1315882                    /usr/java/jdk1.6.0_45/jre/lib/amd64/jli/libjli.so
7f9132553000-7f9132555000 rwxp 00008000 fd:00 1315882                    /usr/java/jdk1.6.0_45/jre/lib/amd64/jli/libjli.so
7f9132555000-7f9132556000 rwxp 00000000 00:00 0 
7f913256d000-7f9132575000 rwxs 00000000 00:20 290692                     /tmp/hsperfdata_root/15202
7f9132575000-7f9132576000 rwxp 00000000 00:00 0 
7f9132576000-7f9132577000 r-xp 00000000 00:00 0 
7f9132577000-7f9132578000 rwxp 00000000 00:00 0 
7fff28225000-7fff28246000 rwxp 00000000 00:00 0                          [stack]
7fff28250000-7fff28252000 r-xp 00000000 00:00 0                          [vdso]
ffffffffff600000-ffffffffff601000 r-xp 00000000 00:00 0                  [vsyscall]

VM Arguments:
jvm_args: -Dfile.encoding=UTF-8 -Xbootclasspath:/home/leminhman/ZET/Utilities/adt-bundle-linux-x86_64-20140321/sdk/platforms/android-19/android.jar 
java_command: com.exam.ntp.utils.DateUtils
Launcher Type: SUN_STANDARD

Environment Variables:
PATH=/usr/local/bin:/usr/bin:/bin
USERNAME=root
LD_LIBRARY_PATH=/usr/java/jdk1.6.0_45/jre/lib/amd64/server:/usr/java/jdk1.6.0_45/jre/lib/amd64:/usr/java/jdk1.6.0_45/jre/../lib/amd64
SHELL=/bin/bash
DISPLAY=:0.0

Signal Handlers:
SIGSEGV: [libjvm.so+0x862a30], sa_mask[0]=0x7ffbfeff, sa_flags=0x10000004
SIGBUS: [libjvm.so+0x862a30], sa_mask[0]=0x7ffbfeff, sa_flags=0x10000004
SIGFPE: [libjvm.so+0x7106f0], sa_mask[0]=0x7ffbfeff, sa_flags=0x10000004
SIGPIPE: [libjvm.so+0x7106f0], sa_mask[0]=0x7ffbfeff, sa_flags=0x10000004
SIGXFSZ: [libjvm.so+0x7106f0], sa_mask[0]=0x7ffbfeff, sa_flags=0x10000004
SIGILL: [libjvm.so+0x7106f0], sa_mask[0]=0x7ffbfeff, sa_flags=0x10000004
SIGUSR1: SIG_DFL, sa_mask[0]=0x00000000, sa_flags=0x00000000
SIGUSR2: [libjvm.so+0x713520], sa_mask[0]=0x00000004, sa_flags=0x10000004
SIGHUP: SIG_DFL, sa_mask[0]=0x00000000, sa_flags=0x00000000
SIGINT: SIG_DFL, sa_mask[0]=0x00000000, sa_flags=0x00000000
SIGTERM: SIG_DFL, sa_mask[0]=0x00000000, sa_flags=0x00000000
SIGQUIT: SIG_DFL, sa_mask[0]=0x00000000, sa_flags=0x00000000


---------------  S Y S T E M  ---------------

OS:Fedora release 19 (Schrödinger’s Cat)

uname:Linux 3.9.9-302.fc19.x86_64 #1 SMP Sat Jul 6 13:41:07 UTC 2013 x86_64
libc:glibc 2.17 NPTL 2.17 
rlimit: STACK 8192k, CORE 0k, NPROC 46037, NOFILE 110032, AS infinity
load average:0.88 0.62 0.68

/proc/meminfo:
MemTotal:        5906192 kB
MemFree:          493224 kB
Buffers:          108276 kB
Cached:          2690572 kB
SwapCached:            0 kB
Active:          3096412 kB
Inactive:        2072588 kB
Active(anon):    2473548 kB
Inactive(anon):   678820 kB
Active(file):     622864 kB
Inactive(file):  1393768 kB
Unevictable:          32 kB
Mlocked:              32 kB
SwapTotal:       6045692 kB
SwapFree:        6045692 kB
Dirty:                44 kB
Writeback:           220 kB
AnonPages:       2366168 kB
Mapped:           195592 kB
Shmem:            782052 kB
Slab:             123996 kB
SReclaimable:      72608 kB
SUnreclaim:        51388 kB
KernelStack:        3536 kB
PageTables:        39952 kB
NFS_Unstable:          0 kB
Bounce:                0 kB
WritebackTmp:          0 kB
CommitLimit:     8998788 kB
Committed_AS:    6242908 kB
VmallocTotal:   34359738367 kB
VmallocUsed:      565168 kB
VmallocChunk:   34359168380 kB
HardwareCorrupted:     0 kB
AnonHugePages:   1726464 kB
HugePages_Total:       0
HugePages_Free:        0
HugePages_Rsvd:        0
HugePages_Surp:        0
Hugepagesize:       2048 kB
DirectMap4k:       89004 kB
DirectMap2M:     5994496 kB


CPU:total 4 (2 cores per cpu, 2 threads per core) family 6 model 37 stepping 5, cmov, cx8, fxsr, mmx, sse, sse2, sse3, ssse3, sse4.1, sse4.2, popcnt, ht

/proc/cpuinfo:
processor	: 0
vendor_id	: GenuineIntel
cpu family	: 6
model		: 37
model name	: Intel(R) Core(TM) i3 CPU       M 380  @ 2.53GHz
stepping	: 5
microcode	: 0x3
cpu MHz		: 2533.000
cache size	: 3072 KB
physical id	: 0
siblings	: 4
core id		: 0
cpu cores	: 2
apicid		: 0
initial apicid	: 0
fpu		: yes
fpu_exception	: yes
cpuid level	: 11
wp		: yes
flags		: fpu vme de pse tsc msr pae mce cx8 apic sep mtrr pge mca cmov pat pse36 clflush dts acpi mmx fxsr sse sse2 ss ht tm pbe syscall nx rdtscp lm constant_tsc arch_perfmon pebs bts rep_good nopl xtopology nonstop_tsc aperfmperf pni dtes64 monitor ds_cpl vmx est tm2 ssse3 cx16 xtpr pdcm pcid sse4_1 sse4_2 popcnt lahf_lm arat dtherm tpr_shadow vnmi flexpriority ept vpid
bogomips	: 5054.17
clflush size	: 64
cache_alignment	: 64
address sizes	: 36 bits physical, 48 bits virtual
power management:

processor	: 1
vendor_id	: GenuineIntel
cpu family	: 6
model		: 37
model name	: Intel(R) Core(TM) i3 CPU       M 380  @ 2.53GHz
stepping	: 5
microcode	: 0x3
cpu MHz		: 933.000
cache size	: 3072 KB
physical id	: 0
siblings	: 4
core id		: 2
cpu cores	: 2
apicid		: 4
initial apicid	: 4
fpu		: yes
fpu_exception	: yes
cpuid level	: 11
wp		: yes
flags		: fpu vme de pse tsc msr pae mce cx8 apic sep mtrr pge mca cmov pat pse36 clflush dts acpi mmx fxsr sse sse2 ss ht tm pbe syscall nx rdtscp lm constant_tsc arch_perfmon pebs bts rep_good nopl xtopology nonstop_tsc aperfmperf pni dtes64 monitor ds_cpl vmx est tm2 ssse3 cx16 xtpr pdcm pcid sse4_1 sse4_2 popcnt lahf_lm arat dtherm tpr_shadow vnmi flexpriority ept vpid
bogomips	: 5054.17
clflush size	: 64
cache_alignment	: 64
address sizes	: 36 bits physical, 48 bits virtual
power management:

processor	: 2
vendor_id	: GenuineIntel
cpu family	: 6
model		: 37
model name	: Intel(R) Core(TM) i3 CPU       M 380  @ 2.53GHz
stepping	: 5
microcode	: 0x3
cpu MHz		: 933.000
cache size	: 3072 KB
physical id	: 0
siblings	: 4
core id		: 0
cpu cores	: 2
apicid		: 1
initial apicid	: 1
fpu		: yes
fpu_exception	: yes
cpuid level	: 11
wp		: yes
flags		: fpu vme de pse tsc msr pae mce cx8 apic sep mtrr pge mca cmov pat pse36 clflush dts acpi mmx fxsr sse sse2 ss ht tm pbe syscall nx rdtscp lm constant_tsc arch_perfmon pebs bts rep_good nopl xtopology nonstop_tsc aperfmperf pni dtes64 monitor ds_cpl vmx est tm2 ssse3 cx16 xtpr pdcm pcid sse4_1 sse4_2 popcnt lahf_lm arat dtherm tpr_shadow vnmi flexpriority ept vpid
bogomips	: 5054.17
clflush size	: 64
cache_alignment	: 64
address sizes	: 36 bits physical, 48 bits virtual
power management:

processor	: 3
vendor_id	: GenuineIntel
cpu family	: 6
model		: 37
model name	: Intel(R) Core(TM) i3 CPU       M 380  @ 2.53GHz
stepping	: 5
microcode	: 0x3
cpu MHz		: 933.000
cache size	: 3072 KB
physical id	: 0
siblings	: 4
core id		: 2
cpu cores	: 2
apicid		: 5
initial apicid	: 5
fpu		: yes
fpu_exception	: yes
cpuid level	: 11
wp		: yes
flags		: fpu vme de pse tsc msr pae mce cx8 apic sep mtrr pge mca cmov pat pse36 clflush dts acpi mmx fxsr sse sse2 ss ht tm pbe syscall nx rdtscp lm constant_tsc arch_perfmon pebs bts rep_good nopl xtopology nonstop_tsc aperfmperf pni dtes64 monitor ds_cpl vmx est tm2 ssse3 cx16 xtpr pdcm pcid sse4_1 sse4_2 popcnt lahf_lm arat dtherm tpr_shadow vnmi flexpriority ept vpid
bogomips	: 5054.17
clflush size	: 64
cache_alignment	: 64
address sizes	: 36 bits physical, 48 bits virtual
power management:



Memory: 4k page, physical 5906192k(493224k free), swap 6045692k(6045692k free)

vm_info: Java HotSpot(TM) 64-Bit Server VM (20.45-b01) for linux-amd64 JRE (1.6.0_45-b06), built on Mar 26 2013 14:07:02 by "java_re" with gcc 3.2.2 (SuSE Linux)

time: Wed Jun 18 01:40:10 2014
elapsed time: 0 seconds

